<?xml version="1.0" encoding="UTF-8" ?>
<testsuites>
   <testsuite name="releases" id="0" tests="4" errors="1" failures="1" skipped="1">
      <testcase name="libhello=1.0.0" status="PASS">
      
      </testcase>
      <testcase name="SKIP TEST" status="SKIP">
         <skipped>
         
         </skipped>
      </testcase>
      <testcase name="ERROR TEST" classname="error msg" status="ERROR">
         <error message="error output">
         
         </error>
      </testcase>
      <testcase name="FAIL TEST" classname="fail msg" status="FAIL">
         <failure message="fail output">
         
         </failure>
      </testcase>
   </testsuite>
</testsuites>
